<?xml version="1.0" encoding="UTF-8"?>
<coverage generated="1554902568172" clover="3.2.0">
  <project timestamp="1554902568172" name="All files">
    <metrics statements="15" coveredstatements="15" conditionals="0" coveredconditionals="0" methods="11" coveredmethods="11" elements="26" coveredelements="26" complexity="0" loc="15" ncloc="15" packages="2" files="3" classes="3"/>
    <package name="ReactJestTest">
      <metrics statements="3" coveredstatements="3" conditionals="0" coveredconditionals="0" methods="1" coveredmethods="1"/>
      <file name="App.js" path="/Users/darshan/Desktop/ReactNativeTutorial/ReactJestTest/App.js">
        <metrics statements="3" coveredstatements="3" conditionals="0" coveredconditionals="0" methods="1" coveredmethods="1"/>
        <line num="13" count="1" type="stmt"/>
        <line num="27" count="1" type="stmt"/>
        <line num="33" count="1" type="stmt"/>
      </file>
    </package>
    <package name="ReactJestTest.Components">
      <metrics statements="12" coveredstatements="12" conditionals="0" coveredconditionals="0" methods="10" coveredmethods="10"/>
      <file name="ApiData.js" path="/Users/darshan/Desktop/ReactNativeTutorial/ReactJestTest/Components/ApiData.js">
        <metrics statements="2" coveredstatements="2" conditionals="0" coveredconditionals="0" methods="2" coveredmethods="2"/>
        <line num="7" count="1" type="stmt"/>
        <line num="9" count="1" type="stmt"/>
      </file>
      <file name="Home.js" path="/Users/darshan/Desktop/ReactNativeTutorial/ReactJestTest/Components/Home.js">
        <metrics statements="10" coveredstatements="10" conditionals="0" coveredconditionals="0" methods="8" coveredmethods="8"/>
        <line num="7" count="4" type="stmt"/>
        <line num="8" count="4" type="stmt"/>
        <line num="15" count="6" type="stmt"/>
        <line num="22" count="1" type="stmt"/>
        <line num="25" count="1" type="stmt"/>
        <line num="28" count="1" type="stmt"/>
        <line num="31" count="1" type="stmt"/>
        <line num="34" count="1" type="stmt"/>
        <line num="37" count="1" type="stmt"/>
        <line num="42" count="3" type="stmt"/>
      </file>
    </package>
  </project>
</coverage>
